{"level":"info","message":"Identity service running on prot: 3001","service":"identity-service","timestamp":"2025-05-10T15:28:08.320Z"}
{"level":"info","message":"connected to mongoDB","service":"identity-service","timestamp":"2025-05-10T15:28:09.331Z"}
{"level":"info","message":"Received POST request to /api/auth/register","service":"identity-service","timestamp":"2025-05-10T15:34:17.986Z"}
{"level":"info","message":"Request body: [object Object]","service":"identity-service","timestamp":"2025-05-10T15:34:17.988Z"}
{"level":"info","message":"Received POST request to /api/auth/register","service":"identity-service","timestamp":"2025-05-10T15:34:48.302Z"}
{"level":"info","message":"Request body: [object Object]","service":"identity-service","timestamp":"2025-05-10T15:34:48.303Z"}
{"level":"info","message":"Identity service running on prot: 3001","service":"identity-service","timestamp":"2025-05-10T15:36:10.397Z"}
{"level":"info","message":"Identity service running on prot: 3001","service":"identity-service","timestamp":"2025-05-10T15:36:12.439Z"}
{"level":"info","message":"connected to mongoDB","service":"identity-service","timestamp":"2025-05-10T15:36:13.071Z"}
{"level":"info","message":"Received POST request to /api/auth/register","service":"identity-service","timestamp":"2025-05-10T15:36:14.693Z"}
{"level":"info","message":"Request body: [object Object]","service":"identity-service","timestamp":"2025-05-10T15:36:14.694Z"}
{"level":"info","message":"Registration URL hit...","service":"identity-service","timestamp":"2025-05-10T15:36:14.709Z"}
{"level":"error","message":"Registration error occured validateRegistration is not a function","service":"identity-service","stack":"TypeError: validateRegistration is not a function\n    at registerUser (C:\\Users\\TCS\\OneDrive\\Desktop\\Desktop\\social-media-microservices\\identity-service\\src\\controllers\\identity-controller.js:14:25)\n    at Layer.handleRequest (C:\\Users\\TCS\\OneDrive\\Desktop\\Desktop\\social-media-microservices\\identity-service\\node_modules\\router\\lib\\layer.js:152:17)\n    at next (C:\\Users\\TCS\\OneDrive\\Desktop\\Desktop\\social-media-microservices\\identity-service\\node_modules\\router\\lib\\route.js:157:13)\n    at Route.dispatch (C:\\Users\\TCS\\OneDrive\\Desktop\\Desktop\\social-media-microservices\\identity-service\\node_modules\\router\\lib\\route.js:117:3)\n    at handle (C:\\Users\\TCS\\OneDrive\\Desktop\\Desktop\\social-media-microservices\\identity-service\\node_modules\\router\\index.js:435:11)\n    at Layer.handleRequest (C:\\Users\\TCS\\OneDrive\\Desktop\\Desktop\\social-media-microservices\\identity-service\\node_modules\\router\\lib\\layer.js:152:17)\n    at C:\\Users\\TCS\\OneDrive\\Desktop\\Desktop\\social-media-microservices\\identity-service\\node_modules\\router\\index.js:295:15\n    at processParams (C:\\Users\\TCS\\OneDrive\\Desktop\\Desktop\\social-media-microservices\\identity-service\\node_modules\\router\\index.js:582:12)\n    at next (C:\\Users\\TCS\\OneDrive\\Desktop\\Desktop\\social-media-microservices\\identity-service\\node_modules\\router\\index.js:291:5)\n    at Function.handle (C:\\Users\\TCS\\OneDrive\\Desktop\\Desktop\\social-media-microservices\\identity-service\\node_modules\\router\\index.js:186:3)","timestamp":"2025-05-10T15:36:14.711Z"}
{"level":"info","message":"Received POST request to /api/auth/register","service":"identity-service","timestamp":"2025-05-10T15:36:22.281Z"}
{"level":"info","message":"Request body: [object Object]","service":"identity-service","timestamp":"2025-05-10T15:36:22.290Z"}
{"level":"info","message":"Registration URL hit...","service":"identity-service","timestamp":"2025-05-10T15:36:22.300Z"}
{"level":"error","message":"Registration error occured validateRegistration is not a function","service":"identity-service","stack":"TypeError: validateRegistration is not a function\n    at registerUser (C:\\Users\\TCS\\OneDrive\\Desktop\\Desktop\\social-media-microservices\\identity-service\\src\\controllers\\identity-controller.js:14:25)\n    at Layer.handleRequest (C:\\Users\\TCS\\OneDrive\\Desktop\\Desktop\\social-media-microservices\\identity-service\\node_modules\\router\\lib\\layer.js:152:17)\n    at next (C:\\Users\\TCS\\OneDrive\\Desktop\\Desktop\\social-media-microservices\\identity-service\\node_modules\\router\\lib\\route.js:157:13)\n    at Route.dispatch (C:\\Users\\TCS\\OneDrive\\Desktop\\Desktop\\social-media-microservices\\identity-service\\node_modules\\router\\lib\\route.js:117:3)\n    at handle (C:\\Users\\TCS\\OneDrive\\Desktop\\Desktop\\social-media-microservices\\identity-service\\node_modules\\router\\index.js:435:11)\n    at Layer.handleRequest (C:\\Users\\TCS\\OneDrive\\Desktop\\Desktop\\social-media-microservices\\identity-service\\node_modules\\router\\lib\\layer.js:152:17)\n    at C:\\Users\\TCS\\OneDrive\\Desktop\\Desktop\\social-media-microservices\\identity-service\\node_modules\\router\\index.js:295:15\n    at processParams (C:\\Users\\TCS\\OneDrive\\Desktop\\Desktop\\social-media-microservices\\identity-service\\node_modules\\router\\index.js:582:12)\n    at next (C:\\Users\\TCS\\OneDrive\\Desktop\\Desktop\\social-media-microservices\\identity-service\\node_modules\\router\\index.js:291:5)\n    at Function.handle (C:\\Users\\TCS\\OneDrive\\Desktop\\Desktop\\social-media-microservices\\identity-service\\node_modules\\router\\index.js:186:3)","timestamp":"2025-05-10T15:36:22.315Z"}
{"level":"info","message":"Identity service running on prot: 3001","service":"identity-service","timestamp":"2025-05-10T15:37:44.202Z"}
{"level":"info","message":"connected to mongoDB","service":"identity-service","timestamp":"2025-05-10T15:37:44.773Z"}
{"level":"info","message":"Received POST request to /api/auth/register","service":"identity-service","timestamp":"2025-05-10T15:37:52.692Z"}
{"level":"info","message":"Request body: [object Object]","service":"identity-service","timestamp":"2025-05-10T15:37:52.693Z"}
{"level":"info","message":"Registration URL hit...","service":"identity-service","timestamp":"2025-05-10T15:37:52.701Z"}
{"level":"error","message":"Registration error occured Joi.email is not a function","service":"identity-service","stack":"TypeError: Joi.email is not a function\n    at validateRegistration (C:\\Users\\TCS\\OneDrive\\Desktop\\Desktop\\social-media-microservices\\identity-service\\src\\utils\\validation.js:6:20)\n    at registerUser (C:\\Users\\TCS\\OneDrive\\Desktop\\Desktop\\social-media-microservices\\identity-service\\src\\controllers\\identity-controller.js:14:25)\n    at Layer.handleRequest (C:\\Users\\TCS\\OneDrive\\Desktop\\Desktop\\social-media-microservices\\identity-service\\node_modules\\router\\lib\\layer.js:152:17)\n    at next (C:\\Users\\TCS\\OneDrive\\Desktop\\Desktop\\social-media-microservices\\identity-service\\node_modules\\router\\lib\\route.js:157:13)\n    at Route.dispatch (C:\\Users\\TCS\\OneDrive\\Desktop\\Desktop\\social-media-microservices\\identity-service\\node_modules\\router\\lib\\route.js:117:3)\n    at handle (C:\\Users\\TCS\\OneDrive\\Desktop\\Desktop\\social-media-microservices\\identity-service\\node_modules\\router\\index.js:435:11)\n    at Layer.handleRequest (C:\\Users\\TCS\\OneDrive\\Desktop\\Desktop\\social-media-microservices\\identity-service\\node_modules\\router\\lib\\layer.js:152:17)\n    at C:\\Users\\TCS\\OneDrive\\Desktop\\Desktop\\social-media-microservices\\identity-service\\node_modules\\router\\index.js:295:15\n    at processParams (C:\\Users\\TCS\\OneDrive\\Desktop\\Desktop\\social-media-microservices\\identity-service\\node_modules\\router\\index.js:582:12)\n    at next (C:\\Users\\TCS\\OneDrive\\Desktop\\Desktop\\social-media-microservices\\identity-service\\node_modules\\router\\index.js:291:5)","timestamp":"2025-05-10T15:37:52.705Z"}
{"level":"info","message":"Identity service running on prot: 3001","service":"identity-service","timestamp":"2025-05-10T15:38:55.146Z"}
{"level":"info","message":"connected to mongoDB","service":"identity-service","timestamp":"2025-05-10T15:38:55.799Z"}
{"level":"info","message":"Received POST request to /api/auth/register","service":"identity-service","timestamp":"2025-05-10T15:39:01.498Z"}
{"level":"info","message":"Request body: [object Object]","service":"identity-service","timestamp":"2025-05-10T15:39:01.500Z"}
{"level":"info","message":"Registration URL hit...","service":"identity-service","timestamp":"2025-05-10T15:39:01.514Z"}
{"buffer":{"data":[104,31,115,21,90,3,43,251,81,215,151,10],"type":"Buffer"},"level":"warn","message":"user registered successfully","service":"identity-service","timestamp":"2025-05-10T15:39:01.807Z"}
{"level":"info","message":"Identity service running on prot: 3001","service":"identity-service","timestamp":"2025-05-10T15:45:36.246Z"}
{"level":"info","message":"connected to mongoDB","service":"identity-service","timestamp":"2025-05-10T15:45:36.814Z"}
{"level":"info","message":"Received POST request to /api/auth/register","service":"identity-service","timestamp":"2025-05-10T15:46:03.451Z"}
{"level":"info","message":"Request body: [object Object]","service":"identity-service","timestamp":"2025-05-10T15:46:03.452Z"}
{"level":"info","message":"Registration URL hit...","service":"identity-service","timestamp":"2025-05-10T15:46:03.463Z"}
{"buffer":{"data":[104,31,116,187,145,84,185,141,188,35,80,35],"type":"Buffer"},"level":"warn","message":"user registered successfully","service":"identity-service","timestamp":"2025-05-10T15:46:03.711Z"}
{"level":"info","message":"Received POST request to /api/auth/register","service":"identity-service","timestamp":"2025-05-10T15:46:58.282Z"}
{"level":"info","message":"Request body: [object Object]","service":"identity-service","timestamp":"2025-05-10T15:46:58.283Z"}
{"level":"info","message":"Registration URL hit...","service":"identity-service","timestamp":"2025-05-10T15:46:58.287Z"}
{"level":"warn","message":"User already exists","service":"identity-service","timestamp":"2025-05-10T15:46:58.339Z"}
{"level":"info","message":"Received POST request to /api/auth/register","service":"identity-service","timestamp":"2025-05-10T15:47:05.186Z"}
{"level":"info","message":"Request body: [object Object]","service":"identity-service","timestamp":"2025-05-10T15:47:05.187Z"}
{"level":"info","message":"Registration URL hit...","service":"identity-service","timestamp":"2025-05-10T15:47:05.190Z"}
{"level":"warn","message":"User already exists","service":"identity-service","timestamp":"2025-05-10T15:47:05.243Z"}
{"level":"info","message":"Received POST request to /api/auth/register","service":"identity-service","timestamp":"2025-05-10T15:47:28.425Z"}
{"level":"info","message":"Request body: [object Object]","service":"identity-service","timestamp":"2025-05-10T15:47:28.426Z"}
{"level":"info","message":"Registration URL hit...","service":"identity-service","timestamp":"2025-05-10T15:47:28.430Z"}
{"level":"warn","message":"Validation error: \"password\" length must be at least 6 characters long","service":"identity-service","timestamp":"2025-05-10T15:47:28.437Z"}
